20240313	21:41:55	5f52ab70-77dd-4abb-9e44-d3d53efe3ba1	undefined: undefined	undefined	undefined
20240313	21:43:28	0b16b381-7d9e-4719-8fe3-a11ded00d931	undefined: undefined	undefined	undefined
20240313	21:43:40	dc8df381-7d7d-40f6-8e25-aaee4d5dcd10	undefined: undefined	undefined	undefined
20240313	21:46:28	70553fc7-72a6-462d-a36d-869826baa0f0	undefined: undefined	undefined	undefined
20240313	21:51:58	63aeabcd-0429-4cdc-ad37-0ed9396872fa	undefined: undefined	undefined	undefined
20240313	21:52:08	3c6a1a10-16ac-43fc-846a-8a29922d7564	undefined: undefined	undefined	undefined
20240313	21:53:27	18746742-2e9e-45f8-ac28-04fa1e113cb9	undefined: undefined	undefined	undefined
20240313	21:53:58	18bcf62f-7c5f-4ff4-a060-7ec2b7a22918	undefined: 8000	undefined	undefined
20240313	21:55:04	3a7641c6-3989-457f-8e43-9f5c2d87830d	undefined: undefined	undefined	undefined
20240313	21:55:11	08595993-08c3-4984-89ef-e32648d2768b	undefined: 8000	undefined	undefined
20240313	21:58:09	a72ab1b4-aec4-4d94-a67f-d8557c522aa3	undefined: 8000	undefined	undefined
20240313	21:58:54	020f7be8-fd76-47e6-ad37-438ca9e38dd1	undefined: 8000	undefined	undefined
20240313	21:59:25	80155e6f-d300-4ffb-99b4-517a3e3eb2ce	undefined: 8000	undefined	undefined
20240313	22:00:44	ecddaa5e-6ff3-42b6-b2ef-75c86ccf9cfe	undefined: 8000	undefined	undefined
20240313	22:01:28	63b1bcba-eae0-4aee-b0d6-388ac7b9e616	undefined: 8000	undefined	undefined
20240313	22:03:06	907e4623-baaf-424c-826f-22ea84ac70f6	undefined: 8000	undefined	undefined
20240313	22:04:24	a9ca12d8-d05b-48d5-af2b-2aebba3a177c	undefined: 8000	undefined	undefined
20240313	22:05:53	4eb7dc25-09c2-4ff9-8ec3-d1c075a19d8f	undefined: 8000	undefined	undefined
20240313	22:06:34	88dd809a-c656-4b9a-953f-947d643a6e2f	undefined: undefined	undefined	undefined
20240313	22:07:59	c5009705-38e9-4567-b7ab-9e0a92a62290	undefined: 8000	undefined	undefined
20240313	22:13:44	17d776de-a9a0-427e-b8df-fc4ecdefe20d	undefined: 8000	undefined	undefined
20240317	12:08:40	7e8f7b71-b24b-484c-bc69-3d881870b538	undefined: 8000	undefined	undefined
20240317	12:15:44	38a694d7-f0e7-489f-a4e3-e225e53459c8	undefined: 8000	undefined	undefined
20240317	12:17:12	c232976b-50ac-4726-b52f-0965247ced60	undefined: undefined	undefined	undefined
20240317	12:18:06	2425bea3-e265-40a8-bb94-64e3cf3a6d30	undefined: 8000	undefined	undefined
20240317	12:19:01	488230b6-87f1-4386-b5c2-c990f7e37d49	undefined: undefined	undefined	undefined
20240317	12:19:33	e4eac663-0f61-41d6-901c-cdc1a613286c	undefined: undefined	undefined	undefined
20240317	12:20:03	1f8e9575-3637-444b-abd9-27f52599ef24	undefined: undefined	undefined	undefined
20240317	12:30:32	77807e95-6ad6-41da-a4f7-3517cc7ab00c	undefined: 8000	undefined	undefined
20240317	17:40:23	531e3cb0-980f-46bf-810b-2686f7abeac8	undefined: undefined	undefined	undefined
20240324	14:10:13	3a68ed52-0e4d-4b7d-a118-6439816106ec	undefined: ETIMEOUT	querySrv	_mongodb._tcp.cluster0.mll08cw.mongodb.net
20240424	10:20:13	4f28ebce-2e98-45ad-a858-0e61ccf5b874	undefined: ETIMEOUT	queryTxt	cluster0.mll08cw.mongodb.net
20240424	10:24:29	48146645-3d20-4df8-b6af-3e3b8a2b24ba	undefined: ETIMEOUT	queryTxt	cluster0.mll08cw.mongodb.net
20240424	10:33:19	3b66b8e5-f420-4f46-aab1-0c950fe4d041	undefined: ETIMEOUT	queryTxt	cluster0.mll08cw.mongodb.net
20240424	10:41:59	775157cf-a4d2-4520-a169-239243dc1def	undefined: ETIMEOUT	queryTxt	cluster0.mll08cw.mongodb.net
20240424	10:47:25	aa73dca6-f25c-4078-b1b3-a43f2bb06279	undefined: ETIMEOUT	queryTxt	cluster0.2qlekzg.mongodb.net
20240424	11:00:58	12bae52a-a1d8-404a-bffe-fb536a76e771	undefined: ETIMEOUT	queryTxt	cluster0.2qlekzg.mongodb.net
20240424	11:32:37	3d22678e-dbdd-4f25-b717-1ade9f7c7890	undefined: ETIMEOUT	queryTxt	cluster0.dbaplip.mongodb.net
20240424	11:36:40	fa5c7a59-62df-40a6-8c28-493281ae074a	undefined: undefined	undefined	undefined
20240424	11:39:43	db9dc6a1-90b4-4ba1-b108-dbfd465562b1	undefined: ETIMEOUT	queryTxt	cluster0.dbaplip.mongodb.net
20240424	11:41:13	3aa8ddda-9530-4128-a354-22ba05aeb3b7	undefined: ETIMEOUT	queryTxt	cluster0.dbaplip.mongodb.net
20240424	11:42:40	bf7c8659-1847-4760-a321-564fa176a517	undefined: undefined	undefined	undefined
20240424	11:44:03	620c1df1-8915-4496-84b0-4d16e641fff4	undefined: undefined	undefined	undefined
20240424	11:47:34	dd657c5c-5d04-4385-908a-1c3659b700b5	undefined: ETIMEOUT	queryTxt	cluster0.dbaplip.mongodb.net
20240424	11:54:23	d7f0dabe-e03a-4384-bfb8-89d06d767adc	undefined: ETIMEOUT	queryTxt	cluster0.dbaplip.mongodb.net
20240424	11:59:25	051bd241-ab26-46e0-a024-7215aba0b587	undefined: ETIMEOUT	queryTxt	cluster0.dbaplip.mongodb.net
20240424	12:03:57	9f23578f-efc4-46c4-ba20-0c125c22789d	undefined: ETIMEOUT	queryTxt	cluster0.dbaplip.mongodb.net
20240424	12:14:47	d8e28ac5-2353-4578-abfc-731640892272	undefined: undefined	undefined	undefined
20240519	00:17:19	896af2e4-1cd7-46cd-bece-1eac769326f1	undefined: undefined	undefined	undefined
20240523	12:00:37	7429cfa7-9242-4bb6-bf4a-5eed3c720a52	undefined: undefined	undefined	undefined
20240525	03:35:10	867bbed6-5851-4fd4-9584-bdb0166fb06a	undefined: undefined	undefined	undefined
20240604	12:18:14	f4fa34d4-0672-4ee3-a8de-b5a8ac0361b5	undefined: undefined	undefined	undefined
20240625	22:50:05	c8c193cd-0a3c-41e0-ab7d-2a89022f8662	undefined: undefined	undefined	undefined
20240625	22:51:12	c501c837-53fb-439b-9a4c-1bf5790cd221	undefined: undefined	undefined	undefined
20240704	02:40:39	4a25d304-47d7-4a5d-b37d-1c575ca56d77	undefined: undefined	undefined	undefined
20240704	03:35:33	e6597c74-5116-4356-87fb-664cdf8523bf	undefined: undefined	undefined	undefined
20240704	10:53:45	d328e9e9-c7a4-4249-993c-19f5e06f760d	undefined: undefined	undefined	undefined
20240706	02:44:38	8e7ec5bb-f6a0-4f3b-b6f5-3d29fdb7bf2d	undefined: undefined	undefined	undefined
20240709	13:52:27	a74f5866-9838-4b42-a173-248aa1a88487	undefined: undefined	undefined	undefined
20240710	11:06:54	aa2cd9ed-6b0b-43e5-9221-73037a33e203	undefined: undefined	undefined	undefined
20240711	18:04:56	85ea130a-768b-4c8e-85f5-6121241b3fe6	undefined: undefined	undefined	undefined
